  [1m[35m (80.0ms)[0m  [1m[35mCREATE TABLE "schema_migrations" ("version" varchar NOT NULL PRIMARY KEY)[0m
  [1m[35m (63.4ms)[0m  [1m[35mCREATE TABLE "ar_internal_metadata" ("key" varchar NOT NULL PRIMARY KEY, "value" varchar, "created_at" datetime NOT NULL, "updated_at" datetime NOT NULL)[0m
  [1m[36mActiveRecord::SchemaMigration Load (0.4ms)[0m  [1m[34mSELECT "schema_migrations".* FROM "schema_migrations"[0m
Migrating to CreatePosts (20170302192624)
  [1m[35m (0.1ms)[0m  [1m[36mbegin transaction[0m
  [1m[35m (1.3ms)[0m  [1m[35mCREATE TABLE "posts" ("id" INTEGER PRIMARY KEY AUTOINCREMENT NOT NULL, "title" varchar, "content" text, "post_time" datetime, "created_at" datetime NOT NULL, "updated_at" datetime NOT NULL)[0m
  [1m[35mSQL (0.8ms)[0m  [1m[32mINSERT INTO "schema_migrations" ("version") VALUES (?)[0m  [["version", "20170302192624"]]
  [1m[35m (58.5ms)[0m  [1m[36mcommit transaction[0m
  [1m[36mActiveRecord::InternalMetadata Load (0.3ms)[0m  [1m[34mSELECT  "ar_internal_metadata".* FROM "ar_internal_metadata" WHERE "ar_internal_metadata"."key" = ? LIMIT ?[0m  [["key", :environment], ["LIMIT", 1]]
  [1m[35m (0.1ms)[0m  [1m[36mbegin transaction[0m
  [1m[35mSQL (0.9ms)[0m  [1m[32mINSERT INTO "ar_internal_metadata" ("key", "value", "created_at", "updated_at") VALUES (?, ?, ?, ?)[0m  [["key", "environment"], ["value", "development"], ["created_at", 2017-03-02 19:36:04 UTC], ["updated_at", 2017-03-02 19:36:04 UTC]]
  [1m[35m (81.7ms)[0m  [1m[36mcommit transaction[0m
  [1m[36mActiveRecord::SchemaMigration Load (0.4ms)[0m  [1m[34mSELECT "schema_migrations".* FROM "schema_migrations"[0m
Started GET "/" for 127.0.0.1 at 2017-03-02 16:36:26 -0300
  [1m[36mActiveRecord::SchemaMigration Load (0.3ms)[0m  [1m[34mSELECT "schema_migrations".* FROM "schema_migrations"[0m
Processing by Rails::WelcomeController#index as HTML
  Parameters: {"internal"=>true}
  Rendering /usr/local/lib/ruby/gems/2.3.0/gems/railties-5.0.2/lib/rails/templates/rails/welcome/index.html.erb
  Rendered /usr/local/lib/ruby/gems/2.3.0/gems/railties-5.0.2/lib/rails/templates/rails/welcome/index.html.erb (5.0ms)
Completed 200 OK in 123ms (Views: 40.3ms | ActiveRecord: 0.0ms)


Started GET "/blog" for 127.0.0.1 at 2017-03-02 16:36:40 -0300
  
ActionController::RoutingError (No route matches [GET] "/blog"):
  
actionpack (5.0.2) lib/action_dispatch/middleware/debug_exceptions.rb:53:in `call'
web-console (3.4.0) lib/web_console/middleware.rb:135:in `call_app'
web-console (3.4.0) lib/web_console/middleware.rb:28:in `block in call'
web-console (3.4.0) lib/web_console/middleware.rb:18:in `catch'
web-console (3.4.0) lib/web_console/middleware.rb:18:in `call'
actionpack (5.0.2) lib/action_dispatch/middleware/show_exceptions.rb:31:in `call'
railties (5.0.2) lib/rails/rack/logger.rb:36:in `call_app'
railties (5.0.2) lib/rails/rack/logger.rb:24:in `block in call'
activesupport (5.0.2) lib/active_support/tagged_logging.rb:69:in `block in tagged'
activesupport (5.0.2) lib/active_support/tagged_logging.rb:26:in `tagged'
activesupport (5.0.2) lib/active_support/tagged_logging.rb:69:in `tagged'
railties (5.0.2) lib/rails/rack/logger.rb:24:in `call'
sprockets-rails (3.2.0) lib/sprockets/rails/quiet_assets.rb:13:in `call'
actionpack (5.0.2) lib/action_dispatch/middleware/request_id.rb:24:in `call'
rack (2.0.1) lib/rack/method_override.rb:22:in `call'
rack (2.0.1) lib/rack/runtime.rb:22:in `call'
activesupport (5.0.2) lib/active_support/cache/strategy/local_cache_middleware.rb:28:in `call'
actionpack (5.0.2) lib/action_dispatch/middleware/executor.rb:12:in `call'
actionpack (5.0.2) lib/action_dispatch/middleware/static.rb:136:in `call'
rack (2.0.1) lib/rack/sendfile.rb:111:in `call'
railties (5.0.2) lib/rails/engine.rb:522:in `call'
puma (3.7.1) lib/puma/configuration.rb:232:in `call'
puma (3.7.1) lib/puma/server.rb:578:in `handle_request'
puma (3.7.1) lib/puma/server.rb:415:in `process_client'
puma (3.7.1) lib/puma/server.rb:275:in `block in run'
puma (3.7.1) lib/puma/thread_pool.rb:120:in `block in spawn_thread'
  Rendering /usr/local/lib/ruby/gems/2.3.0/gems/actionpack-5.0.2/lib/action_dispatch/middleware/templates/rescues/routing_error.html.erb within rescues/layout
  Rendering /usr/local/lib/ruby/gems/2.3.0/gems/actionpack-5.0.2/lib/action_dispatch/middleware/templates/rescues/_trace.html.erb
  Rendered /usr/local/lib/ruby/gems/2.3.0/gems/actionpack-5.0.2/lib/action_dispatch/middleware/templates/rescues/_trace.html.erb (1.8ms)
  Rendered collection of /usr/local/lib/ruby/gems/2.3.0/gems/actionpack-5.0.2/lib/action_dispatch/middleware/templates/routes/_route.html.erb [8 times] (250.1ms)
  Rendered /usr/local/lib/ruby/gems/2.3.0/gems/actionpack-5.0.2/lib/action_dispatch/middleware/templates/routes/_table.html.erb (32.4ms)
  Rendering /usr/local/lib/ruby/gems/2.3.0/gems/actionpack-5.0.2/lib/action_dispatch/middleware/templates/rescues/_request_and_response.html.erb
  Rendered /usr/local/lib/ruby/gems/2.3.0/gems/actionpack-5.0.2/lib/action_dispatch/middleware/templates/rescues/_request_and_response.html.erb (1.4ms)
  Rendered /usr/local/lib/ruby/gems/2.3.0/gems/actionpack-5.0.2/lib/action_dispatch/middleware/templates/rescues/routing_error.html.erb within rescues/layout (476.5ms)
Started GET "/posts" for 127.0.0.1 at 2017-03-02 16:36:57 -0300
Processing by PostsController#index as HTML
  Rendering posts/index.html.erb within layouts/application
  [1m[36mPost Load (1.0ms)[0m  [1m[34mSELECT "posts".* FROM "posts"[0m
  Rendered posts/index.html.erb within layouts/application (6.4ms)
Completed 200 OK in 2940ms (Views: 2925.8ms | ActiveRecord: 1.8ms)


Started GET "/posts/new" for 127.0.0.1 at 2017-03-02 16:37:03 -0300
Processing by PostsController#new as HTML
  Rendering posts/new.html.erb within layouts/application
  Rendered posts/_form.html.erb (160.4ms)
  Rendered posts/new.html.erb within layouts/application (166.6ms)
Completed 200 OK in 230ms (Views: 215.9ms | ActiveRecord: 1.2ms)


Started POST "/posts" for 127.0.0.1 at 2017-03-02 16:37:10 -0300
Processing by PostsController#create as HTML
  Parameters: {"utf8"=>"✓", "authenticity_token"=>"75WiMgqaPI/BCxgqUb8kiCjS0nZAXVeHnA2qQA3nqPvhVpdOztqVvkgE0lnTs1CSTzS8xPcKGO5jjDHyB1Qtfg==", "post"=>{"title"=>"", "content"=>"", "post_time(1i)"=>"2017", "post_time(2i)"=>"3", "post_time(3i)"=>"2", "post_time(4i)"=>"19", "post_time(5i)"=>"37"}, "commit"=>"Create Post"}
  [1m[35m (0.6ms)[0m  [1m[36mbegin transaction[0m
  [1m[35mSQL (3.1ms)[0m  [1m[32mINSERT INTO "posts" ("title", "content", "post_time", "created_at", "updated_at") VALUES (?, ?, ?, ?, ?)[0m  [["title", ""], ["content", ""], ["post_time", 2017-03-02 19:37:00 UTC], ["created_at", 2017-03-02 19:37:10 UTC], ["updated_at", 2017-03-02 19:37:10 UTC]]
  [1m[35m (223.8ms)[0m  [1m[36mcommit transaction[0m
Redirected to http://localhost:3000/posts/1
Completed 302 Found in 235ms (ActiveRecord: 227.4ms)


Started GET "/posts/1" for 127.0.0.1 at 2017-03-02 16:37:10 -0300
Processing by PostsController#show as HTML
  Parameters: {"id"=>"1"}
  [1m[36mPost Load (0.7ms)[0m  [1m[34mSELECT  "posts".* FROM "posts" WHERE "posts"."id" = ? LIMIT ?[0m  [["id", 1], ["LIMIT", 1]]
  Rendering posts/show.html.erb within layouts/application
  Rendered posts/show.html.erb within layouts/application (1.4ms)
Completed 200 OK in 92ms (Views: 56.0ms | ActiveRecord: 0.7ms)


Started GET "/posts" for 127.0.0.1 at 2017-03-02 16:37:12 -0300
Processing by PostsController#index as HTML
  Rendering posts/index.html.erb within layouts/application
  [1m[36mPost Load (0.3ms)[0m  [1m[34mSELECT "posts".* FROM "posts"[0m
  Rendered posts/index.html.erb within layouts/application (2.2ms)
Completed 200 OK in 49ms (Views: 44.5ms | ActiveRecord: 0.3ms)


Started GET "/posts/new" for 127.0.0.1 at 2017-03-02 16:37:13 -0300
Processing by PostsController#new as HTML
  Rendering posts/new.html.erb within layouts/application
  Rendered posts/_form.html.erb (5.4ms)
  Rendered posts/new.html.erb within layouts/application (9.8ms)
Completed 200 OK in 77ms (Views: 71.2ms | ActiveRecord: 0.0ms)


Started POST "/posts" for 127.0.0.1 at 2017-03-02 16:37:32 -0300
Processing by PostsController#create as HTML
  Parameters: {"utf8"=>"✓", "authenticity_token"=>"58tXhUys20SkDbdHmHfpCIZgdaGvpjql7ei+4oRJ9fHpCGL5iOxydS0CfTQae50S4YYbExjxdcwSaSVQjvpwdA==", "post"=>{"title"=>"My First Post", "content"=>"This is my first post", "post_time(1i)"=>"2017", "post_time(2i)"=>"3", "post_time(3i)"=>"2", "post_time(4i)"=>"19", "post_time(5i)"=>"37"}, "commit"=>"Create Post"}
  [1m[35m (0.2ms)[0m  [1m[36mbegin transaction[0m
  [1m[35mSQL (3.0ms)[0m  [1m[32mINSERT INTO "posts" ("title", "content", "post_time", "created_at", "updated_at") VALUES (?, ?, ?, ?, ?)[0m  [["title", "My First Post"], ["content", "This is my first post"], ["post_time", 2017-03-02 19:37:00 UTC], ["created_at", 2017-03-02 19:37:32 UTC], ["updated_at", 2017-03-02 19:37:32 UTC]]
  [1m[35m (140.1ms)[0m  [1m[36mcommit transaction[0m
Redirected to http://localhost:3000/posts/2
Completed 302 Found in 155ms (ActiveRecord: 143.3ms)


Started GET "/posts/2" for 127.0.0.1 at 2017-03-02 16:37:32 -0300
Processing by PostsController#show as HTML
  Parameters: {"id"=>"2"}
  [1m[36mPost Load (0.6ms)[0m  [1m[34mSELECT  "posts".* FROM "posts" WHERE "posts"."id" = ? LIMIT ?[0m  [["id", 2], ["LIMIT", 1]]
  Rendering posts/show.html.erb within layouts/application
  Rendered posts/show.html.erb within layouts/application (1.4ms)
Completed 200 OK in 74ms (Views: 66.2ms | ActiveRecord: 0.6ms)


Started GET "/posts" for 127.0.0.1 at 2017-03-02 16:37:34 -0300
Processing by PostsController#index as HTML
  Rendering posts/index.html.erb within layouts/application
  [1m[36mPost Load (0.4ms)[0m  [1m[34mSELECT "posts".* FROM "posts"[0m
  Rendered posts/index.html.erb within layouts/application (2.9ms)
Completed 200 OK in 63ms (Views: 56.7ms | ActiveRecord: 0.4ms)


Started GET "/posts/new" for 127.0.0.1 at 2017-03-02 16:37:39 -0300
Processing by PostsController#new as HTML
  Rendering posts/new.html.erb within layouts/application
  Rendered posts/_form.html.erb (8.6ms)
  Rendered posts/new.html.erb within layouts/application (15.2ms)
Completed 200 OK in 74ms (Views: 68.5ms | ActiveRecord: 0.0ms)


Started POST "/posts" for 127.0.0.1 at 2017-03-02 16:37:55 -0300
Processing by PostsController#create as HTML
  Parameters: {"utf8"=>"✓", "authenticity_token"=>"/g9D/tT0tLFUDjFQa2emZ65wm01ifKJIQP3KVCQLKZzwzHaCELQdgN0B+yPpa9J9yZb1/9Ur7SG/fFHmLrisGQ==", "post"=>{"title"=>"My Second Post", "content"=>"This is my second post", "post_time(1i)"=>"2017", "post_time(2i)"=>"3", "post_time(3i)"=>"2", "post_time(4i)"=>"19", "post_time(5i)"=>"37"}, "commit"=>"Create Post"}
  [1m[35m (0.1ms)[0m  [1m[36mbegin transaction[0m
  [1m[35mSQL (6.5ms)[0m  [1m[32mINSERT INTO "posts" ("title", "content", "post_time", "created_at", "updated_at") VALUES (?, ?, ?, ?, ?)[0m  [["title", "My Second Post"], ["content", "This is my second post"], ["post_time", 2017-03-02 19:37:00 UTC], ["created_at", 2017-03-02 19:37:55 UTC], ["updated_at", 2017-03-02 19:37:55 UTC]]
  [1m[35m (130.4ms)[0m  [1m[36mcommit transaction[0m
Redirected to http://localhost:3000/posts/3
Completed 302 Found in 145ms (ActiveRecord: 137.0ms)


Started GET "/posts/3" for 127.0.0.1 at 2017-03-02 16:37:55 -0300
Processing by PostsController#show as HTML
  Parameters: {"id"=>"3"}
  [1m[36mPost Load (0.3ms)[0m  [1m[34mSELECT  "posts".* FROM "posts" WHERE "posts"."id" = ? LIMIT ?[0m  [["id", 3], ["LIMIT", 1]]
  Rendering posts/show.html.erb within layouts/application
  Rendered posts/show.html.erb within layouts/application (1.4ms)
Completed 200 OK in 60ms (Views: 56.2ms | ActiveRecord: 0.3ms)


Started GET "/posts" for 127.0.0.1 at 2017-03-02 16:37:57 -0300
Processing by PostsController#index as HTML
  Rendering posts/index.html.erb within layouts/application
  [1m[36mPost Load (0.4ms)[0m  [1m[34mSELECT "posts".* FROM "posts"[0m
  Rendered posts/index.html.erb within layouts/application (3.1ms)
Completed 200 OK in 56ms (Views: 50.9ms | ActiveRecord: 0.4ms)


Started DELETE "/posts/1" for 127.0.0.1 at 2017-03-02 16:38:00 -0300
Processing by PostsController#destroy as HTML
  Parameters: {"authenticity_token"=>"TDjDZrRh6I1LfpKtCrUHaMyBB5lDuIr1v2WHgq8rX/oh1Wr2b2yf6yILLwpZzdVjzPjiMSbI1qgaf7hXQKo49A==", "id"=>"1"}
  [1m[36mPost Load (0.6ms)[0m  [1m[34mSELECT  "posts".* FROM "posts" WHERE "posts"."id" = ? LIMIT ?[0m  [["id", 1], ["LIMIT", 1]]
  [1m[35m (0.1ms)[0m  [1m[36mbegin transaction[0m
  [1m[35mSQL (1.4ms)[0m  [1m[31mDELETE FROM "posts" WHERE "posts"."id" = ?[0m  [["id", 1]]
  [1m[35m (73.8ms)[0m  [1m[36mcommit transaction[0m
Redirected to http://localhost:3000/posts
Completed 302 Found in 84ms (ActiveRecord: 75.8ms)


Started GET "/posts" for 127.0.0.1 at 2017-03-02 16:38:00 -0300
Processing by PostsController#index as HTML
  Rendering posts/index.html.erb within layouts/application
  [1m[36mPost Load (0.5ms)[0m  [1m[34mSELECT "posts".* FROM "posts"[0m
  Rendered posts/index.html.erb within layouts/application (4.0ms)
Completed 200 OK in 72ms (Views: 65.4ms | ActiveRecord: 0.5ms)


Started GET "/" for 127.0.0.1 at 2017-03-02 16:39:11 -0300
  [1m[36mActiveRecord::SchemaMigration Load (1.5ms)[0m  [1m[34mSELECT "schema_migrations".* FROM "schema_migrations"[0m
Processing by Rails::WelcomeController#index as HTML
  Parameters: {"internal"=>true}
  Rendering /usr/local/lib/ruby/gems/2.3.0/gems/railties-5.0.2/lib/rails/templates/rails/welcome/index.html.erb
  Rendered /usr/local/lib/ruby/gems/2.3.0/gems/railties-5.0.2/lib/rails/templates/rails/welcome/index.html.erb (5.4ms)
Completed 200 OK in 71ms (Views: 19.9ms | ActiveRecord: 0.0ms)


Started GET "/posts" for 127.0.0.1 at 2017-03-02 16:39:15 -0300
Processing by PostsController#index as HTML
  Rendering posts/index.html.erb within layouts/application
  [1m[36mPost Load (0.8ms)[0m  [1m[34mSELECT "posts".* FROM "posts"[0m
  Rendered posts/index.html.erb within layouts/application (57.2ms)
Completed 200 OK in 1668ms (Views: 1639.2ms | ActiveRecord: 2.2ms)


Started GET "/posts/new" for 127.0.0.1 at 2017-03-02 16:39:21 -0300
Processing by PostsController#new as HTML
  Rendering posts/new.html.erb within layouts/application
  Rendered posts/_form.html.erb (109.7ms)
  Rendered posts/new.html.erb within layouts/application (115.7ms)
Completed 200 OK in 173ms (Views: 164.9ms | ActiveRecord: 0.0ms)


Started POST "/posts" for 127.0.0.1 at 2017-03-02 16:40:43 -0300
Processing by PostsController#create as HTML
  Parameters: {"utf8"=>"✓", "authenticity_token"=>"wSI/e1+J3kSA6iMynwf6ckjgarJAs110rb5XVRiZcm/P4QoHm8l3dQnl6UEdC45oLwYEAPfkEh1SP8znEir36g==", "post"=>{"title"=>"", "content"=>"", "post_time(1i)"=>"2017", "post_time(2i)"=>"3", "post_time(3i)"=>"2", "post_time(4i)"=>"19", "post_time(5i)"=>"39"}, "commit"=>"Create Post"}
  [1m[35m (0.1ms)[0m  [1m[36mbegin transaction[0m
  [1m[35mSQL (34.9ms)[0m  [1m[32mINSERT INTO "posts" ("title", "content", "post_time", "created_at", "updated_at") VALUES (?, ?, ?, ?, ?)[0m  [["title", ""], ["content", ""], ["post_time", 2017-03-02 19:39:00 UTC], ["created_at", 2017-03-02 19:40:43 UTC], ["updated_at", 2017-03-02 19:40:43 UTC]]
  [1m[35m (64.0ms)[0m  [1m[36mcommit transaction[0m
Redirected to http://localhost:3000/posts/4
Completed 302 Found in 107ms (ActiveRecord: 99.0ms)


Started GET "/posts/4" for 127.0.0.1 at 2017-03-02 16:40:43 -0300
Processing by PostsController#show as HTML
  Parameters: {"id"=>"4"}
  [1m[36mPost Load (0.6ms)[0m  [1m[34mSELECT  "posts".* FROM "posts" WHERE "posts"."id" = ? LIMIT ?[0m  [["id", 4], ["LIMIT", 1]]
  Rendering posts/show.html.erb within layouts/application
  Rendered posts/show.html.erb within layouts/application (1.3ms)
Completed 200 OK in 100ms (Views: 51.5ms | ActiveRecord: 0.6ms)


Started GET "/posts" for 127.0.0.1 at 2017-03-02 16:40:44 -0300
Processing by PostsController#index as HTML
  Rendering posts/index.html.erb within layouts/application
  [1m[36mPost Load (0.4ms)[0m  [1m[34mSELECT "posts".* FROM "posts"[0m
  Rendered posts/index.html.erb within layouts/application (3.2ms)
Completed 200 OK in 63ms (Views: 56.7ms | ActiveRecord: 0.4ms)


Started GET "/posts/new" for 127.0.0.1 at 2017-03-02 16:40:47 -0300
Processing by PostsController#new as HTML
  Rendering posts/new.html.erb within layouts/application
  Rendered posts/_form.html.erb (5.9ms)
  Rendered posts/new.html.erb within layouts/application (11.6ms)
Completed 200 OK in 70ms (Views: 63.3ms | ActiveRecord: 0.0ms)


Started POST "/posts" for 127.0.0.1 at 2017-03-02 16:40:48 -0300
Processing by PostsController#create as HTML
  Parameters: {"utf8"=>"✓", "authenticity_token"=>"L13lbjFAPLopHMR16kMxTB423iP9a3pxhFkR9HQHyzUhntAS9QCVi6ATDgZoT0VWedCwkUo8NRh72IpGfrROsA==", "post"=>{"title"=>"", "content"=>"", "post_time(1i)"=>"2017", "post_time(2i)"=>"3", "post_time(3i)"=>"2", "post_time(4i)"=>"19", "post_time(5i)"=>"40"}, "commit"=>"Create Post"}
  [1m[35m (0.1ms)[0m  [1m[36mbegin transaction[0m
  [1m[35mSQL (23.3ms)[0m  [1m[32mINSERT INTO "posts" ("title", "content", "post_time", "created_at", "updated_at") VALUES (?, ?, ?, ?, ?)[0m  [["title", ""], ["content", ""], ["post_time", 2017-03-02 19:40:00 UTC], ["created_at", 2017-03-02 19:40:48 UTC], ["updated_at", 2017-03-02 19:40:48 UTC]]
  [1m[35m (48.9ms)[0m  [1m[36mcommit transaction[0m
Redirected to http://localhost:3000/posts/5
Completed 302 Found in 81ms (ActiveRecord: 72.3ms)


Started GET "/posts/5" for 127.0.0.1 at 2017-03-02 16:40:48 -0300
Processing by PostsController#show as HTML
  Parameters: {"id"=>"5"}
  [1m[36mPost Load (0.4ms)[0m  [1m[34mSELECT  "posts".* FROM "posts" WHERE "posts"."id" = ? LIMIT ?[0m  [["id", 5], ["LIMIT", 1]]
  Rendering posts/show.html.erb within layouts/application
  Rendered posts/show.html.erb within layouts/application (1.1ms)
Completed 200 OK in 53ms (Views: 47.0ms | ActiveRecord: 0.4ms)


Started GET "/posts" for 127.0.0.1 at 2017-03-02 16:40:49 -0300
Processing by PostsController#index as HTML
  Rendering posts/index.html.erb within layouts/application
  [1m[36mPost Load (0.3ms)[0m  [1m[34mSELECT "posts".* FROM "posts"[0m
  Rendered posts/index.html.erb within layouts/application (2.7ms)
Completed 200 OK in 57ms (Views: 50.2ms | ActiveRecord: 0.3ms)


Started DELETE "/posts/5" for 127.0.0.1 at 2017-03-02 16:40:51 -0300
Processing by PostsController#destroy as HTML
  Parameters: {"authenticity_token"=>"TGmOB2D0EQh6vfMpFnbQuP/5R/1b2SyN89l1M8yBMLUhhCeXu/lmbhPITo5FDgKz/4CiVT6pcNBWw0rmIwBXuw==", "id"=>"5"}
  [1m[36mPost Load (0.5ms)[0m  [1m[34mSELECT  "posts".* FROM "posts" WHERE "posts"."id" = ? LIMIT ?[0m  [["id", 5], ["LIMIT", 1]]
  [1m[35m (0.1ms)[0m  [1m[36mbegin transaction[0m
  [1m[35mSQL (34.7ms)[0m  [1m[31mDELETE FROM "posts" WHERE "posts"."id" = ?[0m  [["id", 5]]
  [1m[35m (69.1ms)[0m  [1m[36mcommit transaction[0m
Redirected to http://localhost:3000/posts
Completed 302 Found in 138ms (ActiveRecord: 104.3ms)


Started GET "/posts" for 127.0.0.1 at 2017-03-02 16:40:52 -0300
Processing by PostsController#index as HTML
  Rendering posts/index.html.erb within layouts/application
  [1m[36mPost Load (0.3ms)[0m  [1m[34mSELECT "posts".* FROM "posts"[0m
  Rendered posts/index.html.erb within layouts/application (2.2ms)
Completed 200 OK in 52ms (Views: 47.3ms | ActiveRecord: 0.3ms)


Started DELETE "/posts/4" for 127.0.0.1 at 2017-03-02 16:40:53 -0300
Processing by PostsController#destroy as HTML
  Parameters: {"authenticity_token"=>"5GOzBo0vtU/Wl11doqh7k3+uK+ePSJXAeOc+FBzqJ6SJjhqWViLCKb/i4Prx0KmYf9fOT+o4yZ3d/QHB82tAqg==", "id"=>"4"}
  [1m[36mPost Load (0.5ms)[0m  [1m[34mSELECT  "posts".* FROM "posts" WHERE "posts"."id" = ? LIMIT ?[0m  [["id", 4], ["LIMIT", 1]]
  [1m[35m (0.1ms)[0m  [1m[36mbegin transaction[0m
  [1m[35mSQL (2.4ms)[0m  [1m[31mDELETE FROM "posts" WHERE "posts"."id" = ?[0m  [["id", 4]]
  [1m[35m (64.9ms)[0m  [1m[36mcommit transaction[0m
Redirected to http://localhost:3000/posts
Completed 302 Found in 73ms (ActiveRecord: 68.0ms)


Started GET "/posts" for 127.0.0.1 at 2017-03-02 16:40:53 -0300
Processing by PostsController#index as HTML
  Rendering posts/index.html.erb within layouts/application
  [1m[36mPost Load (0.6ms)[0m  [1m[34mSELECT "posts".* FROM "posts"[0m
  Rendered posts/index.html.erb within layouts/application (4.4ms)
Completed 200 OK in 51ms (Views: 46.8ms | ActiveRecord: 0.6ms)


Started GET "/posts/2/edit" for 127.0.0.1 at 2017-03-02 16:40:55 -0300
Processing by PostsController#edit as HTML
  Parameters: {"id"=>"2"}
  [1m[36mPost Load (0.4ms)[0m  [1m[34mSELECT  "posts".* FROM "posts" WHERE "posts"."id" = ? LIMIT ?[0m  [["id", 2], ["LIMIT", 1]]
  Rendering posts/edit.html.erb within layouts/application
  Rendered posts/_form.html.erb (6.1ms)
  Rendered posts/edit.html.erb within layouts/application (12.1ms)
Completed 200 OK in 73ms (Views: 66.0ms | ActiveRecord: 0.4ms)


Started GET "/posts" for 127.0.0.1 at 2017-03-02 16:40:57 -0300
Processing by PostsController#index as HTML
  Rendering posts/index.html.erb within layouts/application
  [1m[36mPost Load (0.5ms)[0m  [1m[34mSELECT "posts".* FROM "posts"[0m
  Rendered posts/index.html.erb within layouts/application (4.1ms)
Completed 200 OK in 77ms (Views: 67.4ms | ActiveRecord: 0.5ms)


Started GET "/posts/3/edit" for 127.0.0.1 at 2017-03-02 16:40:58 -0300
Processing by PostsController#edit as HTML
  Parameters: {"id"=>"3"}
  [1m[36mPost Load (0.5ms)[0m  [1m[34mSELECT  "posts".* FROM "posts" WHERE "posts"."id" = ? LIMIT ?[0m  [["id", 3], ["LIMIT", 1]]
  Rendering posts/edit.html.erb within layouts/application
  Rendered posts/_form.html.erb (9.7ms)
  Rendered posts/edit.html.erb within layouts/application (15.9ms)
Completed 200 OK in 88ms (Views: 80.0ms | ActiveRecord: 0.5ms)


Started PATCH "/posts/3" for 127.0.0.1 at 2017-03-02 16:41:00 -0300
Processing by PostsController#update as HTML
  Parameters: {"utf8"=>"✓", "authenticity_token"=>"QJ5HWabO4YvIrBBbX/wZ8rxgeK3hvToltZV+lMObP5P7ElhGC21cj0/JMaWmguc5b87UxikB8nG4DWKxCFtXpg==", "post"=>{"title"=>"My Second Post", "content"=>"This is my second post", "post_time(1i)"=>"2017", "post_time(2i)"=>"3", "post_time(3i)"=>"2", "post_time(4i)"=>"19", "post_time(5i)"=>"37"}, "commit"=>"Update Post", "id"=>"3"}
  [1m[36mPost Load (0.5ms)[0m  [1m[34mSELECT  "posts".* FROM "posts" WHERE "posts"."id" = ? LIMIT ?[0m  [["id", 3], ["LIMIT", 1]]
  [1m[35m (0.1ms)[0m  [1m[36mbegin transaction[0m
  [1m[35m (0.1ms)[0m  [1m[36mcommit transaction[0m
Redirected to http://localhost:3000/posts/3
Completed 302 Found in 8ms (ActiveRecord: 0.7ms)


Started GET "/posts/3" for 127.0.0.1 at 2017-03-02 16:41:00 -0300
Processing by PostsController#show as HTML
  Parameters: {"id"=>"3"}
  [1m[36mPost Load (0.3ms)[0m  [1m[34mSELECT  "posts".* FROM "posts" WHERE "posts"."id" = ? LIMIT ?[0m  [["id", 3], ["LIMIT", 1]]
  Rendering posts/show.html.erb within layouts/application
  Rendered posts/show.html.erb within layouts/application (1.5ms)
Completed 200 OK in 62ms (Views: 57.1ms | ActiveRecord: 0.3ms)


Started GET "/posts" for 127.0.0.1 at 2017-03-02 16:41:01 -0300
Processing by PostsController#index as HTML
  Rendering posts/index.html.erb within layouts/application
  [1m[36mPost Load (0.4ms)[0m  [1m[34mSELECT "posts".* FROM "posts"[0m
  Rendered posts/index.html.erb within layouts/application (2.9ms)
Completed 200 OK in 59ms (Views: 53.1ms | ActiveRecord: 0.4ms)


Started GET "/" for 127.0.0.1 at 2017-03-02 16:50:32 -0300
  [1m[36mActiveRecord::SchemaMigration Load (0.4ms)[0m  [1m[34mSELECT "schema_migrations".* FROM "schema_migrations"[0m
Processing by Rails::WelcomeController#index as HTML
  Parameters: {"internal"=>true}
  Rendering /usr/local/lib/ruby/gems/2.3.0/gems/railties-5.0.2/lib/rails/templates/rails/welcome/index.html.erb
  Rendered /usr/local/lib/ruby/gems/2.3.0/gems/railties-5.0.2/lib/rails/templates/rails/welcome/index.html.erb (4.6ms)
Completed 200 OK in 58ms (Views: 39.4ms | ActiveRecord: 0.0ms)


Started GET "/posts" for 127.0.0.1 at 2017-03-02 16:50:37 -0300
Processing by PostsController#index as HTML
  Rendering posts/index.html.erb within layouts/application
  [1m[36mPost Load (0.9ms)[0m  [1m[34mSELECT "posts".* FROM "posts"[0m
  Rendered posts/index.html.erb within layouts/application (21.8ms)
Completed 200 OK in 355ms (Views: 336.9ms | ActiveRecord: 3.4ms)


Started GET "/posts/new" for 127.0.0.1 at 2017-03-02 16:50:40 -0300
Processing by PostsController#new as HTML
  Rendering posts/new.html.erb within layouts/application
  Rendered posts/_form.html.erb (93.3ms)
  Rendered posts/new.html.erb within layouts/application (97.8ms)
Completed 200 OK in 139ms (Views: 134.3ms | ActiveRecord: 0.0ms)


Started GET "/posts" for 127.0.0.1 at 2017-03-02 16:50:42 -0300
Processing by PostsController#index as HTML
  Rendering posts/index.html.erb within layouts/application
  [1m[36mPost Load (0.4ms)[0m  [1m[34mSELECT "posts".* FROM "posts"[0m
  Rendered posts/index.html.erb within layouts/application (3.8ms)
Completed 200 OK in 62ms (Views: 45.4ms | ActiveRecord: 0.4ms)


Started GET "/posts/new" for 127.0.0.1 at 2017-03-02 16:50:43 -0300
Processing by PostsController#new as HTML
  Rendering posts/new.html.erb within layouts/application
  Rendered posts/_form.html.erb (8.4ms)
  Rendered posts/new.html.erb within layouts/application (15.4ms)
Completed 200 OK in 93ms (Views: 85.2ms | ActiveRecord: 0.0ms)


Started GET "/posts" for 127.0.0.1 at 2017-03-02 16:50:59 -0300
Processing by PostsController#index as HTML
  Rendering posts/index.html.erb within layouts/application
  [1m[36mPost Load (0.5ms)[0m  [1m[34mSELECT "posts".* FROM "posts"[0m
  Rendered posts/index.html.erb within layouts/application (2.9ms)
Completed 200 OK in 51ms (Views: 44.3ms | ActiveRecord: 0.5ms)


Started GET "/posts/new" for 127.0.0.1 at 2017-03-02 16:51:00 -0300
Processing by PostsController#new as HTML
  Rendering posts/new.html.erb within layouts/application
  Rendered posts/_form.html.erb (7.1ms)
  Rendered posts/new.html.erb within layouts/application (11.9ms)
Completed 200 OK in 60ms (Views: 55.2ms | ActiveRecord: 0.0ms)


Started GET "/posts" for 127.0.0.1 at 2017-03-02 16:56:36 -0300
Processing by PostsController#index as HTML
  Rendering posts/index.html.erb within layouts/application
  [1m[36mPost Load (26.2ms)[0m  [1m[34mSELECT "posts".* FROM "posts"[0m
  Rendered posts/index.html.erb within layouts/application (28.7ms)
Completed 200 OK in 225ms (Views: 193.1ms | ActiveRecord: 26.2ms)


Started GET "/posts" for 127.0.0.1 at 2017-03-02 17:21:41 -0300
  [1m[36mActiveRecord::SchemaMigration Load (0.4ms)[0m  [1m[34mSELECT "schema_migrations".* FROM "schema_migrations"[0m
Processing by PostsController#index as HTML
  Rendering posts/index.html.erb within layouts/application
  [1m[36mPost Load (0.3ms)[0m  [1m[34mSELECT "posts".* FROM "posts"[0m
  Rendered posts/index.html.erb within layouts/application (18.3ms)
Completed 200 OK in 1182ms (Views: 1160.8ms | ActiveRecord: 1.3ms)


Started GET "/posts/new" for 127.0.0.1 at 2017-03-02 17:23:10 -0300
Processing by PostsController#new as HTML
  Rendering posts/new.html.erb within layouts/application
  Rendered posts/_form.html.erb (48.0ms)
  Rendered posts/new.html.erb within layouts/application (54.5ms)
Completed 200 OK in 112ms (Views: 105.5ms | ActiveRecord: 0.0ms)


