  [1m[35m (140.8ms)[0m  [1m[35mCREATE TABLE "schema_migrations" ("version" varchar NOT NULL PRIMARY KEY)[0m
  [1m[35m (145.0ms)[0m  [1m[35mCREATE TABLE "ar_internal_metadata" ("key" varchar NOT NULL PRIMARY KEY, "value" varchar, "created_at" datetime NOT NULL, "updated_at" datetime NOT NULL)[0m
  [1m[36mActiveRecord::SchemaMigration Load (0.5ms)[0m  [1m[34mSELECT "schema_migrations".* FROM "schema_migrations"[0m
Migrating to CreatePosts (20170105092157)
  [1m[35m (0.1ms)[0m  [1m[36mbegin transaction[0m
  [1m[35m (2.3ms)[0m  [1m[35mCREATE TABLE "posts" ("id" INTEGER PRIMARY KEY AUTOINCREMENT NOT NULL, "name" varchar, "title" varchar, "content" text, "created_at" datetime NOT NULL, "updated_at" datetime NOT NULL)[0m
  [1m[35mSQL (1.2ms)[0m  [1m[32mINSERT INTO "schema_migrations" ("version") VALUES (?)[0m  [["version", "20170105092157"]]
  [1m[35m (159.2ms)[0m  [1m[36mcommit transaction[0m
  [1m[36mActiveRecord::InternalMetadata Load (0.9ms)[0m  [1m[34mSELECT  "ar_internal_metadata".* FROM "ar_internal_metadata" WHERE "ar_internal_metadata"."key" = ? LIMIT ?[0m  [["key", :environment], ["LIMIT", 1]]
  [1m[35m (0.3ms)[0m  [1m[36mbegin transaction[0m
  [1m[35mSQL (4.8ms)[0m  [1m[32mINSERT INTO "ar_internal_metadata" ("key", "value", "created_at", "updated_at") VALUES (?, ?, ?, ?)[0m  [["key", "environment"], ["value", "development"], ["created_at", 2017-01-05 09:23:35 UTC], ["updated_at", 2017-01-05 09:23:35 UTC]]
  [1m[35m (146.9ms)[0m  [1m[36mcommit transaction[0m
  [1m[36mActiveRecord::SchemaMigration Load (0.8ms)[0m  [1m[34mSELECT "schema_migrations".* FROM "schema_migrations"[0m
Started GET "/" for 127.0.0.1 at 2017-01-05 06:29:18 -0300
  [1m[36mActiveRecord::SchemaMigration Load (0.5ms)[0m  [1m[34mSELECT "schema_migrations".* FROM "schema_migrations"[0m
Processing by PostsController#index as HTML
  Rendering posts/index.html.erb within layouts/application
  [1m[36mPost Load (1.3ms)[0m  [1m[34mSELECT "posts".* FROM "posts"[0m
  Rendered posts/index.html.erb within layouts/application (13.2ms)
Completed 200 OK in 1650ms (Views: 1608.9ms | ActiveRecord: 1.9ms)


Started GET "/posts/new" for 127.0.0.1 at 2017-01-05 06:29:25 -0300
Processing by PostsController#new as HTML
  Rendering posts/new.html.erb within layouts/application
  Rendered posts/_form.html.erb (86.2ms)
  Rendered posts/new.html.erb within layouts/application (92.0ms)
Completed 200 OK in 191ms (Views: 164.3ms | ActiveRecord: 3.2ms)


Started GET "/posts" for 127.0.0.1 at 2017-01-05 06:29:27 -0300
Processing by PostsController#index as HTML
  Rendering posts/index.html.erb within layouts/application
  [1m[36mPost Load (0.9ms)[0m  [1m[34mSELECT "posts".* FROM "posts"[0m
  Rendered posts/index.html.erb within layouts/application (3.3ms)
Completed 200 OK in 92ms (Views: 76.1ms | ActiveRecord: 0.9ms)


Started GET "/posts/new" for 127.0.0.1 at 2017-01-05 06:29:29 -0300
Processing by PostsController#new as HTML
  Rendering posts/new.html.erb within layouts/application
  Rendered posts/_form.html.erb (7.0ms)
  Rendered posts/new.html.erb within layouts/application (13.0ms)
Completed 200 OK in 100ms (Views: 87.7ms | ActiveRecord: 0.0ms)


Started GET "/posts" for 127.0.0.1 at 2017-01-05 06:29:32 -0300
Processing by PostsController#index as HTML
  Rendering posts/index.html.erb within layouts/application
  [1m[36mPost Load (0.5ms)[0m  [1m[34mSELECT "posts".* FROM "posts"[0m
  Rendered posts/index.html.erb within layouts/application (3.1ms)
Completed 200 OK in 83ms (Views: 74.9ms | ActiveRecord: 0.5ms)


Started GET "/posts/new" for 127.0.0.1 at 2017-01-05 06:29:49 -0300
Processing by PostsController#new as HTML
  Rendering posts/new.html.erb within layouts/application
  Rendered posts/_form.html.erb (5.0ms)
  Rendered posts/new.html.erb within layouts/application (13.2ms)
Completed 200 OK in 109ms (Views: 93.4ms | ActiveRecord: 0.0ms)


Started GET "/posts" for 127.0.0.1 at 2017-01-05 06:29:51 -0300
Processing by PostsController#index as HTML
  Rendering posts/index.html.erb within layouts/application
  [1m[36mPost Load (0.6ms)[0m  [1m[34mSELECT "posts".* FROM "posts"[0m
  Rendered posts/index.html.erb within layouts/application (2.6ms)
Completed 200 OK in 68ms (Views: 60.0ms | ActiveRecord: 0.6ms)


Started GET "/posts" for 127.0.0.1 at 2017-01-05 06:38:36 -0300
  [1m[36mActiveRecord::SchemaMigration Load (0.4ms)[0m  [1m[34mSELECT "schema_migrations".* FROM "schema_migrations"[0m
Processing by PostsController#index as HTML
Completed 500 Internal Server Error in 48ms (ActiveRecord: 1.3ms)


  
NoMethodError (undefined method `attr_accessible' for #<Class:0x00000004dc3418>
Did you mean?  attr_accessor):
  
app/models/post.rb:2:in `<class:Post>'
app/models/post.rb:1:in `<top (required)>'
app/controllers/posts_controller.rb:7:in `index'
  Rendering /var/lib/gems/2.3.0/gems/actionpack-5.0.1/lib/action_dispatch/middleware/templates/rescues/diagnostics.html.erb within rescues/layout
  Rendering /var/lib/gems/2.3.0/gems/actionpack-5.0.1/lib/action_dispatch/middleware/templates/rescues/_source.html.erb
  Rendered /var/lib/gems/2.3.0/gems/actionpack-5.0.1/lib/action_dispatch/middleware/templates/rescues/_source.html.erb (6.6ms)
  Rendering /var/lib/gems/2.3.0/gems/actionpack-5.0.1/lib/action_dispatch/middleware/templates/rescues/_trace.html.erb
  Rendered /var/lib/gems/2.3.0/gems/actionpack-5.0.1/lib/action_dispatch/middleware/templates/rescues/_trace.html.erb (3.0ms)
  Rendering /var/lib/gems/2.3.0/gems/actionpack-5.0.1/lib/action_dispatch/middleware/templates/rescues/_request_and_response.html.erb
  Rendered /var/lib/gems/2.3.0/gems/actionpack-5.0.1/lib/action_dispatch/middleware/templates/rescues/_request_and_response.html.erb (1.1ms)
  Rendered /var/lib/gems/2.3.0/gems/actionpack-5.0.1/lib/action_dispatch/middleware/templates/rescues/diagnostics.html.erb within rescues/layout (67.5ms)
Started GET "/posts" for 127.0.0.1 at 2017-01-05 06:39:10 -0300
  [1m[36mActiveRecord::SchemaMigration Load (0.4ms)[0m  [1m[34mSELECT "schema_migrations".* FROM "schema_migrations"[0m
Processing by PostsController#index as HTML
Completed 500 Internal Server Error in 51ms (ActiveRecord: 1.6ms)


  
NoMethodError (undefined method `attr_accessible' for #<Class:0x00000003a853d8>
Did you mean?  attr_accessor):
  
app/models/post.rb:2:in `<class:Post>'
app/models/post.rb:1:in `<top (required)>'
app/controllers/posts_controller.rb:7:in `index'
  Rendering /var/lib/gems/2.3.0/gems/actionpack-5.0.1/lib/action_dispatch/middleware/templates/rescues/diagnostics.html.erb within rescues/layout
  Rendering /var/lib/gems/2.3.0/gems/actionpack-5.0.1/lib/action_dispatch/middleware/templates/rescues/_source.html.erb
  Rendered /var/lib/gems/2.3.0/gems/actionpack-5.0.1/lib/action_dispatch/middleware/templates/rescues/_source.html.erb (6.3ms)
  Rendering /var/lib/gems/2.3.0/gems/actionpack-5.0.1/lib/action_dispatch/middleware/templates/rescues/_trace.html.erb
  Rendered /var/lib/gems/2.3.0/gems/actionpack-5.0.1/lib/action_dispatch/middleware/templates/rescues/_trace.html.erb (3.0ms)
  Rendering /var/lib/gems/2.3.0/gems/actionpack-5.0.1/lib/action_dispatch/middleware/templates/rescues/_request_and_response.html.erb
  Rendered /var/lib/gems/2.3.0/gems/actionpack-5.0.1/lib/action_dispatch/middleware/templates/rescues/_request_and_response.html.erb (1.0ms)
  Rendered /var/lib/gems/2.3.0/gems/actionpack-5.0.1/lib/action_dispatch/middleware/templates/rescues/diagnostics.html.erb within rescues/layout (35.8ms)
Started GET "/posts" for 127.0.0.1 at 2017-01-05 06:40:24 -0300
  [1m[36mActiveRecord::SchemaMigration Load (0.4ms)[0m  [1m[34mSELECT "schema_migrations".* FROM "schema_migrations"[0m
Processing by PostsController#index as HTML
Completed 500 Internal Server Error in 49ms (ActiveRecord: 1.0ms)


  
NoMethodError (undefined method `attr_accessible' for #<Class:0x0000000432b320>
Did you mean?  attr_accessor):
  
app/models/post.rb:2:in `<class:Post>'
app/models/post.rb:1:in `<top (required)>'
app/controllers/posts_controller.rb:7:in `index'
  Rendering /var/lib/gems/2.3.0/gems/actionpack-5.0.1/lib/action_dispatch/middleware/templates/rescues/diagnostics.html.erb within rescues/layout
  Rendering /var/lib/gems/2.3.0/gems/actionpack-5.0.1/lib/action_dispatch/middleware/templates/rescues/_source.html.erb
  Rendered /var/lib/gems/2.3.0/gems/actionpack-5.0.1/lib/action_dispatch/middleware/templates/rescues/_source.html.erb (5.4ms)
  Rendering /var/lib/gems/2.3.0/gems/actionpack-5.0.1/lib/action_dispatch/middleware/templates/rescues/_trace.html.erb
  Rendered /var/lib/gems/2.3.0/gems/actionpack-5.0.1/lib/action_dispatch/middleware/templates/rescues/_trace.html.erb (4.2ms)
  Rendering /var/lib/gems/2.3.0/gems/actionpack-5.0.1/lib/action_dispatch/middleware/templates/rescues/_request_and_response.html.erb
  Rendered /var/lib/gems/2.3.0/gems/actionpack-5.0.1/lib/action_dispatch/middleware/templates/rescues/_request_and_response.html.erb (1.9ms)
  Rendered /var/lib/gems/2.3.0/gems/actionpack-5.0.1/lib/action_dispatch/middleware/templates/rescues/diagnostics.html.erb within rescues/layout (41.5ms)
Started GET "/posts" for 127.0.0.1 at 2017-01-05 06:40:45 -0300
  [1m[36mActiveRecord::SchemaMigration Load (0.4ms)[0m  [1m[34mSELECT "schema_migrations".* FROM "schema_migrations"[0m
Processing by PostsController#index as HTML
Completed 500 Internal Server Error in 21ms (ActiveRecord: 0.0ms)


  
ArgumentError (Range unspecified. Specify the :in, :within, :maximum, :minimum, or :is option.):
  
app/models/post.rb:4:in `<class:Post>'
app/models/post.rb:1:in `<top (required)>'
app/controllers/posts_controller.rb:7:in `index'
  Rendering /var/lib/gems/2.3.0/gems/actionpack-5.0.1/lib/action_dispatch/middleware/templates/rescues/diagnostics.html.erb within rescues/layout
  Rendering /var/lib/gems/2.3.0/gems/actionpack-5.0.1/lib/action_dispatch/middleware/templates/rescues/_source.html.erb
  Rendered /var/lib/gems/2.3.0/gems/actionpack-5.0.1/lib/action_dispatch/middleware/templates/rescues/_source.html.erb (7.1ms)
  Rendering /var/lib/gems/2.3.0/gems/actionpack-5.0.1/lib/action_dispatch/middleware/templates/rescues/_trace.html.erb
  Rendered /var/lib/gems/2.3.0/gems/actionpack-5.0.1/lib/action_dispatch/middleware/templates/rescues/_trace.html.erb (2.6ms)
  Rendering /var/lib/gems/2.3.0/gems/actionpack-5.0.1/lib/action_dispatch/middleware/templates/rescues/_request_and_response.html.erb
  Rendered /var/lib/gems/2.3.0/gems/actionpack-5.0.1/lib/action_dispatch/middleware/templates/rescues/_request_and_response.html.erb (0.9ms)
  Rendered /var/lib/gems/2.3.0/gems/actionpack-5.0.1/lib/action_dispatch/middleware/templates/rescues/diagnostics.html.erb within rescues/layout (37.0ms)
Started GET "/posts" for 127.0.0.1 at 2017-01-05 06:43:43 -0300
  [1m[36mActiveRecord::SchemaMigration Load (0.4ms)[0m  [1m[34mSELECT "schema_migrations".* FROM "schema_migrations"[0m
Processing by PostsController#index as HTML
Completed 500 Internal Server Error in 23ms (ActiveRecord: 0.0ms)


  
ArgumentError (Range unspecified. Specify the :in, :within, :maximum, :minimum, or :is option.):
  
app/models/post.rb:4:in `<class:Post>'
app/models/post.rb:1:in `<top (required)>'
app/controllers/posts_controller.rb:7:in `index'
  Rendering /var/lib/gems/2.3.0/gems/actionpack-5.0.1/lib/action_dispatch/middleware/templates/rescues/diagnostics.html.erb within rescues/layout
  Rendering /var/lib/gems/2.3.0/gems/actionpack-5.0.1/lib/action_dispatch/middleware/templates/rescues/_source.html.erb
  Rendered /var/lib/gems/2.3.0/gems/actionpack-5.0.1/lib/action_dispatch/middleware/templates/rescues/_source.html.erb (6.3ms)
  Rendering /var/lib/gems/2.3.0/gems/actionpack-5.0.1/lib/action_dispatch/middleware/templates/rescues/_trace.html.erb
  Rendered /var/lib/gems/2.3.0/gems/actionpack-5.0.1/lib/action_dispatch/middleware/templates/rescues/_trace.html.erb (4.4ms)
  Rendering /var/lib/gems/2.3.0/gems/actionpack-5.0.1/lib/action_dispatch/middleware/templates/rescues/_request_and_response.html.erb
  Rendered /var/lib/gems/2.3.0/gems/actionpack-5.0.1/lib/action_dispatch/middleware/templates/rescues/_request_and_response.html.erb (1.0ms)
  Rendered /var/lib/gems/2.3.0/gems/actionpack-5.0.1/lib/action_dispatch/middleware/templates/rescues/diagnostics.html.erb within rescues/layout (37.7ms)
Started GET "/posts" for 127.0.0.1 at 2017-01-05 06:44:10 -0300
  [1m[36mActiveRecord::SchemaMigration Load (0.4ms)[0m  [1m[34mSELECT "schema_migrations".* FROM "schema_migrations"[0m
Processing by PostsController#index as HTML
  Rendering posts/index.html.erb within layouts/application
  [1m[36mPost Load (0.4ms)[0m  [1m[34mSELECT "posts".* FROM "posts"[0m
  Rendered posts/index.html.erb within layouts/application (10.7ms)
Completed 200 OK in 375ms (Views: 350.5ms | ActiveRecord: 0.9ms)


Started GET "/posts/new" for 127.0.0.1 at 2017-01-05 06:44:14 -0300
Processing by PostsController#new as HTML
  Rendering posts/new.html.erb within layouts/application
  Rendered posts/_form.html.erb (25.0ms)
  Rendered posts/new.html.erb within layouts/application (29.6ms)
Completed 200 OK in 100ms (Views: 77.6ms | ActiveRecord: 5.4ms)


Started POST "/posts" for 127.0.0.1 at 2017-01-05 06:44:16 -0300
Processing by PostsController#create as HTML
  Parameters: {"utf8"=>"✓", "authenticity_token"=>"cMazP+h6omfhmvzJxx7WLuVkYj1K2NjGHyp56JLnxwlKCdgvyYcV60WwFsj4lrkJMfYmt1cQitTVJpyH16oagA==", "post"=>{"name"=>"", "title"=>"", "content"=>""}, "commit"=>"Create Post"}
  [1m[35m (0.1ms)[0m  [1m[36mbegin transaction[0m
  [1m[35m (0.1ms)[0m  [1m[31mrollback transaction[0m
  Rendering posts/new.html.erb within layouts/application
  Rendered posts/_form.html.erb (9.1ms)
  Rendered posts/new.html.erb within layouts/application (14.4ms)
Completed 200 OK in 74ms (Views: 68.3ms | ActiveRecord: 0.2ms)


Started GET "/posts" for 127.0.0.1 at 2017-01-05 06:44:23 -0300
Processing by PostsController#index as HTML
  Rendering posts/index.html.erb within layouts/application
  [1m[36mPost Load (0.5ms)[0m  [1m[34mSELECT "posts".* FROM "posts"[0m
  Rendered posts/index.html.erb within layouts/application (3.6ms)
Completed 200 OK in 76ms (Views: 64.2ms | ActiveRecord: 0.5ms)


Started GET "/posts/new" for 127.0.0.1 at 2017-01-05 06:45:05 -0300
Processing by PostsController#new as HTML
  Rendering posts/new.html.erb within layouts/application
  Rendered posts/_form.html.erb (3.0ms)
  Rendered posts/new.html.erb within layouts/application (8.9ms)
Completed 200 OK in 80ms (Views: 68.6ms | ActiveRecord: 0.0ms)


Started POST "/posts" for 127.0.0.1 at 2017-01-05 06:45:06 -0300
Processing by PostsController#create as HTML
  Parameters: {"utf8"=>"✓", "authenticity_token"=>"krSKsMxbMMLZaledpyXOt+xHxTrjqcIEyuWuUyKD4DKoe+Gg7aaHTn1AvZyYraGQONWBsP5hkBYA6Us8Z849uw==", "post"=>{"name"=>"", "title"=>"", "content"=>""}, "commit"=>"Create Post"}
  [1m[35m (0.1ms)[0m  [1m[36mbegin transaction[0m
  [1m[35m (0.1ms)[0m  [1m[31mrollback transaction[0m
  Rendering posts/new.html.erb within layouts/application
  Rendered posts/_form.html.erb (6.4ms)
  Rendered posts/new.html.erb within layouts/application (13.6ms)
Completed 200 OK in 92ms (Views: 82.4ms | ActiveRecord: 0.2ms)


Started GET "/posts" for 127.0.0.1 at 2017-01-05 06:47:08 -0300
Processing by PostsController#index as HTML
  Rendering posts/index.html.erb within layouts/application
  [1m[36mPost Load (1.5ms)[0m  [1m[34mSELECT "posts".* FROM "posts"[0m
  Rendered posts/index.html.erb within layouts/application (5.0ms)
Completed 200 OK in 124ms (Views: 115.1ms | ActiveRecord: 1.5ms)


Started GET "/posts/new" for 127.0.0.1 at 2017-01-05 06:47:10 -0300
Processing by PostsController#new as HTML
  Rendering posts/new.html.erb within layouts/application
  Rendered posts/_form.html.erb (5.2ms)
  Rendered posts/new.html.erb within layouts/application (11.6ms)
Completed 200 OK in 96ms (Views: 83.0ms | ActiveRecord: 0.0ms)


Started POST "/posts" for 127.0.0.1 at 2017-01-05 06:47:44 -0300
Processing by PostsController#create as HTML
  Parameters: {"utf8"=>"✓", "authenticity_token"=>"gx+R+XRg2VHySmCZZhK8Us9QI0gNZfQaLOe/hXLe3R650PrpVZ1u3VZgiphZmtN1G8JnwhCtpgjm61rqN5MAlw==", "post"=>{"name"=>"New Post Test", "title"=>"This is a New Post", "content"=>"This is a new post of my blog."}, "commit"=>"Create Post"}
  [1m[35m (0.1ms)[0m  [1m[36mbegin transaction[0m
  [1m[35mSQL (1.5ms)[0m  [1m[32mINSERT INTO "posts" ("created_at", "updated_at") VALUES (?, ?)[0m  [["created_at", 2017-01-05 09:47:44 UTC], ["updated_at", 2017-01-05 09:47:44 UTC]]
  [1m[35m (378.2ms)[0m  [1m[36mcommit transaction[0m
Redirected to http://localhost:3000/posts/1
Completed 302 Found in 395ms (ActiveRecord: 379.8ms)


Started GET "/posts/1" for 127.0.0.1 at 2017-01-05 06:47:44 -0300
Processing by PostsController#show as HTML
  Parameters: {"id"=>"1"}
  [1m[36mPost Load (0.8ms)[0m  [1m[34mSELECT  "posts".* FROM "posts" WHERE "posts"."id" = ? LIMIT ?[0m  [["id", 1], ["LIMIT", 1]]
  Rendering posts/show.html.erb within layouts/application
  Rendered posts/show.html.erb within layouts/application (1.1ms)
Completed 200 OK in 81ms (Views: 67.5ms | ActiveRecord: 0.8ms)


Started GET "/posts" for 127.0.0.1 at 2017-01-05 06:47:50 -0300
Processing by PostsController#index as HTML
  Rendering posts/index.html.erb within layouts/application
  [1m[36mPost Load (0.5ms)[0m  [1m[34mSELECT "posts".* FROM "posts"[0m
  Rendered posts/index.html.erb within layouts/application (2.3ms)
Completed 200 OK in 72ms (Views: 57.8ms | ActiveRecord: 0.5ms)


Started GET "/posts/1" for 127.0.0.1 at 2017-01-05 06:47:52 -0300
Processing by PostsController#show as HTML
  Parameters: {"id"=>"1"}
  [1m[36mPost Load (1.2ms)[0m  [1m[34mSELECT  "posts".* FROM "posts" WHERE "posts"."id" = ? LIMIT ?[0m  [["id", 1], ["LIMIT", 1]]
  Rendering posts/show.html.erb within layouts/application
  Rendered posts/show.html.erb within layouts/application (1.2ms)
Completed 200 OK in 84ms (Views: 69.2ms | ActiveRecord: 1.2ms)


Started GET "/posts" for 127.0.0.1 at 2017-01-05 06:47:54 -0300
Processing by PostsController#index as HTML
  Rendering posts/index.html.erb within layouts/application
  [1m[36mPost Load (0.7ms)[0m  [1m[34mSELECT "posts".* FROM "posts"[0m
  Rendered posts/index.html.erb within layouts/application (5.1ms)
Completed 200 OK in 124ms (Views: 105.6ms | ActiveRecord: 0.7ms)


Started GET "/posts/new" for 127.0.0.1 at 2017-01-05 06:47:56 -0300
Processing by PostsController#new as HTML
  Rendering posts/new.html.erb within layouts/application
  Rendered posts/_form.html.erb (5.3ms)
  Rendered posts/new.html.erb within layouts/application (13.1ms)
Completed 200 OK in 109ms (Views: 92.9ms | ActiveRecord: 0.0ms)


Started POST "/posts" for 127.0.0.1 at 2017-01-05 06:48:15 -0300
Processing by PostsController#create as HTML
  Parameters: {"utf8"=>"✓", "authenticity_token"=>"GKVioBbXqg9Hica+36ei9rdn+jZFgeFxz57ZfH1e8EMiagmwNyodg+OjLL/gL83RY/W+vFhJs2MFkjwTOBMtyg==", "post"=>{"name"=>"Another Post", "title"=>"Another Post", "content"=>"This is another post."}, "commit"=>"Create Post"}
  [1m[35m (0.5ms)[0m  [1m[36mbegin transaction[0m
  [1m[35mSQL (3.1ms)[0m  [1m[32mINSERT INTO "posts" ("created_at", "updated_at") VALUES (?, ?)[0m  [["created_at", 2017-01-05 09:48:15 UTC], ["updated_at", 2017-01-05 09:48:15 UTC]]
  [1m[35m (369.7ms)[0m  [1m[36mcommit transaction[0m
Redirected to http://localhost:3000/posts/2
Completed 302 Found in 382ms (ActiveRecord: 373.3ms)


Started GET "/posts/2" for 127.0.0.1 at 2017-01-05 06:48:15 -0300
Processing by PostsController#show as HTML
  Parameters: {"id"=>"2"}
  [1m[36mPost Load (0.7ms)[0m  [1m[34mSELECT  "posts".* FROM "posts" WHERE "posts"."id" = ? LIMIT ?[0m  [["id", 2], ["LIMIT", 1]]
  Rendering posts/show.html.erb within layouts/application
  Rendered posts/show.html.erb within layouts/application (1.1ms)
Completed 200 OK in 88ms (Views: 77.4ms | ActiveRecord: 0.7ms)


Started GET "/posts/2/edit" for 127.0.0.1 at 2017-01-05 06:48:17 -0300
Processing by PostsController#edit as HTML
  Parameters: {"id"=>"2"}
  [1m[36mPost Load (0.6ms)[0m  [1m[34mSELECT  "posts".* FROM "posts" WHERE "posts"."id" = ? LIMIT ?[0m  [["id", 2], ["LIMIT", 1]]
  Rendering posts/edit.html.erb within layouts/application
  Rendered posts/_form.html.erb (3.5ms)
  Rendered posts/edit.html.erb within layouts/application (10.1ms)
Completed 200 OK in 84ms (Views: 74.1ms | ActiveRecord: 0.6ms)


Started GET "/posts" for 127.0.0.1 at 2017-01-05 06:48:19 -0300
Processing by PostsController#index as HTML
  Rendering posts/index.html.erb within layouts/application
  [1m[36mPost Load (0.7ms)[0m  [1m[34mSELECT "posts".* FROM "posts"[0m
  Rendered posts/index.html.erb within layouts/application (5.7ms)
Completed 200 OK in 79ms (Views: 71.5ms | ActiveRecord: 0.7ms)


Started GET "/posts/1" for 127.0.0.1 at 2017-01-05 06:48:21 -0300
Processing by PostsController#show as HTML
  Parameters: {"id"=>"1"}
  [1m[36mPost Load (0.8ms)[0m  [1m[34mSELECT  "posts".* FROM "posts" WHERE "posts"."id" = ? LIMIT ?[0m  [["id", 1], ["LIMIT", 1]]
  Rendering posts/show.html.erb within layouts/application
  Rendered posts/show.html.erb within layouts/application (1.2ms)
Completed 200 OK in 97ms (Views: 81.5ms | ActiveRecord: 0.8ms)


Started GET "/posts/1/edit" for 127.0.0.1 at 2017-01-05 06:48:23 -0300
Processing by PostsController#edit as HTML
  Parameters: {"id"=>"1"}
  [1m[36mPost Load (0.8ms)[0m  [1m[34mSELECT  "posts".* FROM "posts" WHERE "posts"."id" = ? LIMIT ?[0m  [["id", 1], ["LIMIT", 1]]
  Rendering posts/edit.html.erb within layouts/application
  Rendered posts/_form.html.erb (4.9ms)
  Rendered posts/edit.html.erb within layouts/application (12.0ms)
Completed 200 OK in 103ms (Views: 87.9ms | ActiveRecord: 0.8ms)


Started GET "/posts" for 127.0.0.1 at 2017-01-05 06:48:24 -0300
Processing by PostsController#index as HTML
  Rendering posts/index.html.erb within layouts/application
  [1m[36mPost Load (0.8ms)[0m  [1m[34mSELECT "posts".* FROM "posts"[0m
  Rendered posts/index.html.erb within layouts/application (5.3ms)
Completed 200 OK in 123ms (Views: 105.7ms | ActiveRecord: 0.8ms)


Started GET "/posts/1/edit" for 127.0.0.1 at 2017-01-05 06:52:47 -0300
Processing by PostsController#edit as HTML
  Parameters: {"id"=>"1"}
  [1m[36mPost Load (0.8ms)[0m  [1m[34mSELECT  "posts".* FROM "posts" WHERE "posts"."id" = ? LIMIT ?[0m  [["id", 1], ["LIMIT", 1]]
  Rendering posts/edit.html.erb within layouts/application
  Rendered posts/_form.html.erb (2.9ms)
  Rendered posts/edit.html.erb within layouts/application (8.5ms)
Completed 200 OK in 72ms (Views: 62.5ms | ActiveRecord: 0.8ms)


Started GET "/posts" for 127.0.0.1 at 2017-01-05 06:52:49 -0300
Processing by PostsController#index as HTML
  Rendering posts/index.html.erb within layouts/application
  [1m[36mPost Load (0.6ms)[0m  [1m[34mSELECT "posts".* FROM "posts"[0m
  Rendered posts/index.html.erb within layouts/application (2.9ms)
Completed 200 OK in 76ms (Views: 63.1ms | ActiveRecord: 0.6ms)


Started GET "/posts/new" for 127.0.0.1 at 2017-01-05 06:52:57 -0300
Processing by PostsController#new as HTML
  Rendering posts/new.html.erb within layouts/application
  Rendered posts/_form.html.erb (3.1ms)
  Rendered posts/new.html.erb within layouts/application (9.9ms)
Completed 200 OK in 70ms (Views: 58.9ms | ActiveRecord: 0.0ms)


Started POST "/posts" for 127.0.0.1 at 2017-01-05 06:52:58 -0300
Processing by PostsController#create as HTML
  Parameters: {"utf8"=>"✓", "authenticity_token"=>"Tiznqkxjwyu6p5gl+mrH2iPTeIZEosLuALXJR1lqv5p044y6bZ50px6NciTF4qj990E8DFlqkPzKuSwoHCdiEw==", "post"=>{"name"=>"", "title"=>"", "content"=>""}, "commit"=>"Create Post"}
  [1m[35m (0.1ms)[0m  [1m[36mbegin transaction[0m
  [1m[35m (0.1ms)[0m  [1m[31mrollback transaction[0m
  Rendering posts/new.html.erb within layouts/application
  Rendered posts/_form.html.erb (4.3ms)
  Rendered posts/new.html.erb within layouts/application (12.9ms)
Completed 200 OK in 79ms (Views: 72.7ms | ActiveRecord: 0.2ms)


Started POST "/posts" for 127.0.0.1 at 2017-01-05 06:53:33 -0300
Processing by PostsController#create as HTML
  Parameters: {"utf8"=>"✓", "authenticity_token"=>"E8LMXT+A1QD/eRKOcrKTuIhzurPDEpvUUjcxDOOw/CGMh0ilhr3XdWkky7BC5ZnDfiVQM3t7HotFnAbNt/bwRg==", "post"=>{"name"=>"I can't see", "title"=>"I can't see this message", "content"=>"I can't see this message about everyone."}, "commit"=>"Create Post"}
  [1m[35m (0.2ms)[0m  [1m[36mbegin transaction[0m
  [1m[35mSQL (3.2ms)[0m  [1m[32mINSERT INTO "posts" ("created_at", "updated_at") VALUES (?, ?)[0m  [["created_at", 2017-01-05 09:53:33 UTC], ["updated_at", 2017-01-05 09:53:33 UTC]]
  [1m[35m (297.2ms)[0m  [1m[36mcommit transaction[0m
Redirected to http://localhost:3000/posts/3
Completed 302 Found in 309ms (ActiveRecord: 300.5ms)


Started GET "/posts/3" for 127.0.0.1 at 2017-01-05 06:53:33 -0300
Processing by PostsController#show as HTML
  Parameters: {"id"=>"3"}
  [1m[36mPost Load (0.6ms)[0m  [1m[34mSELECT  "posts".* FROM "posts" WHERE "posts"."id" = ? LIMIT ?[0m  [["id", 3], ["LIMIT", 1]]
  Rendering posts/show.html.erb within layouts/application
  Rendered posts/show.html.erb within layouts/application (1.0ms)
Completed 200 OK in 74ms (Views: 63.4ms | ActiveRecord: 0.6ms)


Started GET "/" for 127.0.0.1 at 2017-01-21 06:05:00 -0300
  [1m[36mActiveRecord::SchemaMigration Load (0.9ms)[0m  [1m[34mSELECT "schema_migrations".* FROM "schema_migrations"[0m
Processing by PostsController#index as HTML
  Rendering posts/index.html.erb within layouts/application
  [1m[36mPost Load (0.8ms)[0m  [1m[34mSELECT "posts".* FROM "posts"[0m
  Rendered posts/index.html.erb within layouts/application (41.0ms)
Completed 200 OK in 1454ms (Views: 1385.8ms | ActiveRecord: 4.4ms)


Started GET "/posts/1" for 127.0.0.1 at 2017-01-21 06:05:06 -0300
Processing by PostsController#show as HTML
  Parameters: {"id"=>"1"}
  [1m[36mPost Load (1.0ms)[0m  [1m[34mSELECT  "posts".* FROM "posts" WHERE "posts"."id" = ? LIMIT ?[0m  [["id", 1], ["LIMIT", 1]]
  Rendering posts/show.html.erb within layouts/application
  Rendered posts/show.html.erb within layouts/application (1.6ms)
Completed 200 OK in 92ms (Views: 50.4ms | ActiveRecord: 1.0ms)


Started GET "/posts" for 127.0.0.1 at 2017-01-21 06:05:08 -0300
Processing by PostsController#index as HTML
  Rendering posts/index.html.erb within layouts/application
  [1m[36mPost Load (1.1ms)[0m  [1m[34mSELECT "posts".* FROM "posts"[0m
  Rendered posts/index.html.erb within layouts/application (4.0ms)
Completed 200 OK in 67ms (Views: 57.8ms | ActiveRecord: 1.1ms)


Started GET "/posts/1/edit" for 127.0.0.1 at 2017-01-21 06:05:09 -0300
Processing by PostsController#edit as HTML
  Parameters: {"id"=>"1"}
  [1m[36mPost Load (2.0ms)[0m  [1m[34mSELECT  "posts".* FROM "posts" WHERE "posts"."id" = ? LIMIT ?[0m  [["id", 1], ["LIMIT", 1]]
  Rendering posts/edit.html.erb within layouts/application
  Rendered posts/_form.html.erb (81.4ms)
  Rendered posts/edit.html.erb within layouts/application (102.9ms)
Completed 200 OK in 184ms (Views: 171.3ms | ActiveRecord: 2.0ms)


Started GET "/posts" for 127.0.0.1 at 2017-01-21 06:05:11 -0300
Processing by PostsController#index as HTML
  Rendering posts/index.html.erb within layouts/application
  [1m[36mPost Load (1.1ms)[0m  [1m[34mSELECT "posts".* FROM "posts"[0m
  Rendered posts/index.html.erb within layouts/application (5.5ms)
Completed 200 OK in 78ms (Views: 67.7ms | ActiveRecord: 1.1ms)


Started DELETE "/posts/1" for 127.0.0.1 at 2017-01-21 06:05:13 -0300
Processing by PostsController#destroy as HTML
  Parameters: {"authenticity_token"=>"kvqgDO/HEK3rNvnvbgNVHu1OAxdZlR6wRXe7O+ssiV3Xae+nQ5/kHjgA7qBP5YauUeVDExSn/Jue0iDqvWoaWg==", "id"=>"1"}
  [1m[36mPost Load (0.5ms)[0m  [1m[34mSELECT  "posts".* FROM "posts" WHERE "posts"."id" = ? LIMIT ?[0m  [["id", 1], ["LIMIT", 1]]
  [1m[35m (0.1ms)[0m  [1m[36mbegin transaction[0m
  [1m[35mSQL (18.1ms)[0m  [1m[31mDELETE FROM "posts" WHERE "posts"."id" = ?[0m  [["id", 1]]
  [1m[35m (187.0ms)[0m  [1m[36mcommit transaction[0m
Redirected to http://localhost:3000/posts
Completed 302 Found in 211ms (ActiveRecord: 205.7ms)


Started GET "/posts" for 127.0.0.1 at 2017-01-21 06:05:14 -0300
Processing by PostsController#index as HTML
  Rendering posts/index.html.erb within layouts/application
  [1m[36mPost Load (0.5ms)[0m  [1m[34mSELECT "posts".* FROM "posts"[0m
  Rendered posts/index.html.erb within layouts/application (5.9ms)
Completed 200 OK in 111ms (Views: 103.9ms | ActiveRecord: 0.5ms)


Started DELETE "/posts/2" for 127.0.0.1 at 2017-01-21 06:05:16 -0300
Processing by PostsController#destroy as HTML
  Parameters: {"authenticity_token"=>"3yeLvd3tzMWy61Y4+lPpJ5T+FGoBMKxdOORrEPv3f/GatMQWcbU4dmHdQXfbtTqXKFVUbkwCTnbjQfDBrbHs9g==", "id"=>"2"}
  [1m[36mPost Load (0.6ms)[0m  [1m[34mSELECT  "posts".* FROM "posts" WHERE "posts"."id" = ? LIMIT ?[0m  [["id", 2], ["LIMIT", 1]]
  [1m[35m (0.1ms)[0m  [1m[36mbegin transaction[0m
  [1m[35mSQL (1.8ms)[0m  [1m[31mDELETE FROM "posts" WHERE "posts"."id" = ?[0m  [["id", 2]]
  [1m[35m (199.6ms)[0m  [1m[36mcommit transaction[0m
Redirected to http://localhost:3000/posts
Completed 302 Found in 210ms (ActiveRecord: 202.1ms)


Started GET "/posts" for 127.0.0.1 at 2017-01-21 06:05:16 -0300
Processing by PostsController#index as HTML
  Rendering posts/index.html.erb within layouts/application
  [1m[36mPost Load (0.5ms)[0m  [1m[34mSELECT "posts".* FROM "posts"[0m
  Rendered posts/index.html.erb within layouts/application (4.4ms)
Completed 200 OK in 81ms (Views: 71.6ms | ActiveRecord: 0.5ms)


Started DELETE "/posts/3" for 127.0.0.1 at 2017-01-21 06:05:18 -0300
Processing by PostsController#destroy as HTML
  Parameters: {"authenticity_token"=>"NSn2wXuoSgGx28KPIxvmqj+1GYcKV73daVq2UTZPlshwurlq1/C+smLt1cAC/TUagx5Zg0dlX/ay/y2AYAkFzw==", "id"=>"3"}
  [1m[36mPost Load (0.5ms)[0m  [1m[34mSELECT  "posts".* FROM "posts" WHERE "posts"."id" = ? LIMIT ?[0m  [["id", 3], ["LIMIT", 1]]
  [1m[35m (0.1ms)[0m  [1m[36mbegin transaction[0m
  [1m[35mSQL (1.9ms)[0m  [1m[31mDELETE FROM "posts" WHERE "posts"."id" = ?[0m  [["id", 3]]
  [1m[35m (186.3ms)[0m  [1m[36mcommit transaction[0m
Redirected to http://localhost:3000/posts
Completed 302 Found in 197ms (ActiveRecord: 188.8ms)


Started GET "/posts" for 127.0.0.1 at 2017-01-21 06:05:18 -0300
Processing by PostsController#index as HTML
  Rendering posts/index.html.erb within layouts/application
  [1m[36mPost Load (0.5ms)[0m  [1m[34mSELECT "posts".* FROM "posts"[0m
  Rendered posts/index.html.erb within layouts/application (4.1ms)
Completed 200 OK in 79ms (Views: 72.7ms | ActiveRecord: 0.5ms)


Started GET "/posts/new" for 127.0.0.1 at 2017-01-21 06:05:19 -0300
Processing by PostsController#new as HTML
Started GET "/posts/new" for 127.0.0.1 at 2017-01-21 06:05:19 -0300
Processing by PostsController#new as HTML
  Rendering posts/new.html.erb within layouts/application
  Rendered posts/_form.html.erb (4.6ms)
  Rendering posts/new.html.erb within layouts/application
  Rendered posts/new.html.erb within layouts/application (21.4ms)
  Rendered posts/_form.html.erb (3.0ms)
  Rendered posts/new.html.erb within layouts/application (15.2ms)
Completed 200 OK in 153ms (Views: 139.8ms | ActiveRecord: 0.0ms)


Completed 200 OK in 125ms (Views: 118.6ms | ActiveRecord: 0.0ms)


Started GET "/posts" for 127.0.0.1 at 2017-01-21 06:05:20 -0300
Processing by PostsController#index as HTML
  Rendering posts/index.html.erb within layouts/application
  [1m[36mPost Load (0.9ms)[0m  [1m[34mSELECT "posts".* FROM "posts"[0m
  Rendered posts/index.html.erb within layouts/application (3.0ms)
Completed 200 OK in 108ms (Views: 97.7ms | ActiveRecord: 0.9ms)


Started GET "/posts/new" for 127.0.0.1 at 2017-01-21 06:05:24 -0300
Processing by PostsController#new as HTML
  Rendering posts/new.html.erb within layouts/application
  Rendered posts/_form.html.erb (6.1ms)
  Rendered posts/new.html.erb within layouts/application (14.4ms)
Completed 200 OK in 100ms (Views: 92.0ms | ActiveRecord: 0.0ms)


Started POST "/posts" for 127.0.0.1 at 2017-01-21 06:05:25 -0300
Processing by PostsController#create as HTML
  Parameters: {"utf8"=>"✓", "authenticity_token"=>"Av13eoD4NQxsggR3Nkb27AYy0T4nHyKuGgCqyJ90/D/05qMZeEs8lxApJFy8EzEIX+kJZjq3EOzAHiyb2Nfjfg==", "post"=>{"name"=>"", "title"=>"", "content"=>""}, "commit"=>"Create Post"}
  [1m[35m (0.1ms)[0m  [1m[36mbegin transaction[0m
  [1m[35m (0.1ms)[0m  [1m[31mrollback transaction[0m
  Rendering posts/new.html.erb within layouts/application
  Rendered posts/_form.html.erb (7.7ms)
  Rendered posts/new.html.erb within layouts/application (14.1ms)
Completed 200 OK in 105ms (Views: 91.8ms | ActiveRecord: 0.2ms)


Started GET "/posts" for 127.0.0.1 at 2017-01-21 06:05:29 -0300
Processing by PostsController#index as HTML
  Rendering posts/index.html.erb within layouts/application
  [1m[36mPost Load (0.4ms)[0m  [1m[34mSELECT "posts".* FROM "posts"[0m
  Rendered posts/index.html.erb within layouts/application (2.4ms)
Completed 200 OK in 77ms (Views: 67.2ms | ActiveRecord: 0.4ms)


